<?xml version="1.0" encoding="UTF-8"?>
<testsuite xmlns:xsi="http://www.w3.org/2001/XMLSchema-instance" xsi:noNamespaceSchemaLocation="https://maven.apache.org/surefire/maven-surefire-plugin/xsd/surefire-test-report-3.0.xsd" version="3.0" name="com.example.bank.service.BankAccountServiceImplTest" time="0.191" tests="6" errors="0" skipped="0" failures="0">
  <properties>
[...]
</properties>
  <testcase name="successfulDeposit" classname="com.example.bank.service.BankAccountServiceImplTest" time="0.093"/>
  <testcase name="getAccountSuccess" classname="com.example.bank.service.BankAccountServiceImplTest" time="0.003"/>
  <testcase name="getAccountFailure" classname="com.example.bank.service.BankAccountServiceImplTest" time="0.003"/>
  <testcase name="withdrawWithInsufficientFunds" classname="com.example.bank.service.BankAccountServiceImplTest" time="0.002"/>
  <testcase name="successfulWithdraw" classname="com.example.bank.service.BankAccountServiceImplTest" time="0.002"/>
  <testcase name="depositWithNegativeAmount" classname="com.example.bank.service.BankAccountServiceImplTest" time="0.002"/>
</testsuite>